<?xml version="1.0" encoding="UTF-8"?>
<!-- Generated by org.testng.reporters.JUnitXMLReporter -->
<testsuite hostname="Sandals-MacBook-Air-2.local" ignored="5" name="Smoke Test" tests="3" failures="0" timestamp="16 Jun 2019 18:43:29 GMT" time="9.252" errors="0">
  <testcase name="@BeforeTest generateReport" time="0.257" classname="com.syntax.utills.BaseClass">
    <failure type="java.lang.NullPointerException">
      <![CDATA[java.lang.NullPointerException
at com.syntax.utills.ConfigsReader.getProperty(ConfigsReader.java:28)
at com.syntax.utills.BaseClass.generateReport(BaseClass.java:65)
... Removed 24 stack frames]]>
    </failure>
  </testcase> <!-- @BeforeTest generateReport -->
  <testcase name="doLogin" time="0.0" classname="com.syntax.testcases.LoginPageTest2">
    <skipped/>
  </testcase> <!-- doLogin -->
  <testcase name="invalidLogin" time="0.0" classname="com.syntax.testcases.LoginPageTest2">
    <skipped/>
  </testcase> <!-- invalidLogin -->
  <testcase name="loginToOrangeHRM" time="0.0" classname="com.syntax.testcases.LoginPageTest2">
    <skipped/>
  </testcase> <!-- loginToOrangeHRM -->
  <testcase name="@BeforeTest generateReport" time="0.0" classname="com.syntax.utills.BaseClass">
    <ignored/>
  </testcase> <!-- @BeforeTest generateReport -->
  <testcase name="readExcel" time="0.0" classname="com.syntax.testcases.ExcelDemo">
    <ignored/>
  </testcase> <!-- readExcel -->
  <testcase name="addEmployee" time="0.0" classname="com.syntax.testcases.AddEmployeePageTest">
    <ignored/>
  </testcase> <!-- addEmployee -->
  <testcase name="addEmployee" time="0.0" classname="com.syntax.testcases.LoginPageTest2">
    <ignored/>
  </testcase> <!-- addEmployee -->
  <testcase name="@AfterTest flushReport" time="0.0" classname="com.syntax.utills.BaseClass">
    <ignored/>
  </testcase> <!-- @AfterTest flushReport -->
</testsuite> <!-- Smoke Test -->
